C51 COMPILER V9.59.0.0   DHT11                                                             06/29/2022 00:42:25 PAGE 1   


C51 COMPILER V9.59.0.0, COMPILATION OF MODULE DHT11
OBJECT MODULE PLACED IN .\Objects\dht11.obj
COMPILER INVOKED BY: D:\keilv5\C51\BIN\C51.EXE dht11.c COMPACT ROM(COMPACT) OPTIMIZE(9,SPEED) BROWSE DEBUG OBJECTEXTEND 
                    -PRINT(.\Listings\dht11.lst) TABS(2) OBJECT(.\Objects\dht11.obj)

line level    source

   1          #include <reg52.h>
   2          #include <intrins.h>
   3          #define uchar unsigned char
   4          #define uint unsigned int
   5          sbit Data = P1 ^ 0;
   6          
   7          void DHT11_delay_us(uchar n)
   8          {
   9   1          while (--n)
  10   1              ;
  11   1      }
  12          
  13          void DHT11_delay_ms(uint z)
  14          {
  15   1          uint i, j;
  16   1          for (i = z; i > 0; i--)
  17   1              for (j = 110; j > 0; j--)
  18   1                  ;
  19   1      }
  20          
  21          void Delay30us()    //@11.0592MHz
  22          {
  23   1        unsigned char i;
  24   1      
  25   1        _nop_();
  26   1        _nop_();
  27   1        i = 80;
  28   1        while (--i);
  29   1      }
  30          
  31          void DHT11_start()
  32          {
  33   1          Data  = 1;
  34   1          DHT11_delay_us(2);
  35   1        
  36   1          Data = 0;
  37   1          DHT11_delay_ms(20);
  38   1      
  39   1          Data = 1;
  40   1          DHT11_delay_us(30);
  41   1      
  42   1      }
  43          
  44          uchar DHT11_rec_byte()
  45          {
  46   1          uchar i, dat = 0;
  47   1          for (i = 0; i < 8; i++)
  48   1          {
  49   2              while (!Data)
  50   2                  ;
  51   2              DHT11_delay_us(8);
  52   2              dat <<= 1;
  53   2              if (Data == 1)
  54   2                  dat += 1;
C51 COMPILER V9.59.0.0   DHT11                                                             06/29/2022 00:42:25 PAGE 2   

  55   2              while (Data)
  56   2                  ;
  57   2          }
  58   1          return dat;
  59   1      }
  60          
  61          // dht11不稳定，容易乱码
  62          // 接收dht11发来的数据并格式化为lcd12864可以显示的16位字符串格式
  63          uchar* DHT11_receive()
  64          {
  65   1          uchar R_H, R_L, T_H, T_L, RH, RL, TH, TL, revise, rec_dat[16],i;
  66   1          DHT11_start();
  67   1          if (Data == 0)
  68   1          {
  69   2              while (Data == 0)
  70   2                  ;
  71   2              DHT11_delay_us(50);
  72   2              R_H = DHT11_rec_byte();
  73   2              R_L = DHT11_rec_byte();
  74   2              T_H = DHT11_rec_byte();
  75   2              T_L = DHT11_rec_byte();
  76   2              revise = DHT11_rec_byte();
  77   2              DHT11_delay_us(25);
  78   2      
  79   2              if ((R_H + R_L + T_H + T_L) == revise)
  80   2              {
  81   3                  RH = R_H;
  82   3                  RL = R_L;
  83   3                  TH = T_H;
  84   3                  TL = T_L;
  85   3              }
  86   2      
  87   2              rec_dat[0] = '0' + (RH / 10);
  88   2              rec_dat[1] = '0' + (RL % 10);
  89   2              rec_dat[2] = 'R';
  90   2              rec_dat[3] = 'H';
  91   2              rec_dat[4] = ' ';
  92   2              rec_dat[5] = '0' + (TH / 10);
  93   2              rec_dat[6] = '0' + (TL % 10);
  94   2              rec_dat[7] = 'C';
  95   2              
  96   2              for (i=8 ; i <= 15; i++)
  97   2              {
  98   3                  rec_dat[i] = ' ';
  99   3              }
 100   2          }
 101   1          return rec_dat;
 102   1      }
 103          


MODULE INFORMATION:   STATIC OVERLAYABLE
   CODE SIZE        =    303    ----
   CONSTANT SIZE    =   ----    ----
   XDATA SIZE       =   ----    ----
   PDATA SIZE       =   ----      22
   DATA SIZE        =   ----    ----
   IDATA SIZE       =   ----    ----
   BIT SIZE         =   ----    ----
END OF MODULE INFORMATION.


C51 COMPILATION COMPLETE.  0 WARNING(S),  0 ERROR(S)
