C51 COMPILER V9.59.0.0   UART                                                              05/15/2022 22:14:31 PAGE 1   


C51 COMPILER V9.59.0.0, COMPILATION OF MODULE UART
OBJECT MODULE PLACED IN .\Output\UART.obj
COMPILER INVOKED BY: D:\keilv5\C51\BIN\C51.EXE src\Uart\UART.C ROM(COMPACT) OPTIMIZE(8,SPEED) BROWSE INCDIR(.\src\Delay;
                    -.\src\Key;.\src\Msg;.\src\Uart;.\src\Ui;.\src\User;.\src\Ui\ui_common;.\src\Ui\Lcd_seg;.\src\Ui\Led_seg;.\src\Ui\resourc
                    -;.\src\SPI;.\src\SD) DEBUG OBJECTEXTEND PRINT(.\Output\UART.lst) TABS(2) OBJECT(.\Output\UART.obj)

line level    source

   1          #include "Uart.h "
   2          
   3          
   4          /*****************************************************************************
   5           函 数 名  : putchar
   6           功能描述  : 串口发送一个字节数据
   7           输入参数  : unsigned char Uc_Data
   8           输出参数  : 无
   9           返 回 值  :
  10           调用函数  :
  11           被调函数  :
  12          
  13           修改历史      :
  14            1.日    期   : 2012年3月22日
  15              作    者   : Blueice
  16              修改内容   : 新生成函数
  17          
  18          *****************************************************************************/
  19          void putchar ( u8 Uc_Data )
  20          {
  21   1          if ( Uc_Data == '\n' )
  22   1          {
  23   2              UartPutByte ( 0x0d );
  24   2              UartPutByte ( 0x0a );
  25   2          }
  26   1          else
  27   1          {
  28   2              UartPutByte ( Uc_Data );
  29   2          }
  30   1          //  return (Uc_Data);
  31   1      }
  32          /*****************************************************************************
  33           函 数 名  : UartPutByte
  34           功能描述  : 串口发送一个字节数据
  35           输入参数  : unsigned char Uc_Data
  36           输出参数  : 无
  37           返 回 值  :
  38           调用函数  :
  39           被调函数  :
  40          
  41           修改历史      :
  42            1.日    期   : 2012年3月22日
  43              作    者   : Blueice
  44              修改内容   : 新生成函数
  45          
  46          *****************************************************************************/
  47          void UartPutByte ( unsigned char Uc_Data )
  48          {
  49   1          ES   = 0;
  50   1          TI   = 0;
  51   1          SBUF = Uc_Data;
  52   1          while ( !TI );
  53   1          TI   = 0;
C51 COMPILER V9.59.0.0   UART                                                              05/15/2022 22:14:31 PAGE 2   

  54   1          ES   = 1;
  55   1      }
  56          /*****************************************************************************
  57           函 数 名  : UartPutStr
  58           功能描述  : 串口发送字符串
  59           输入参数  : unsigned char *Uc_Str
  60           输出参数  : 无
  61           返 回 值  :
  62           调用函数  :
  63           被调函数  :
  64          
  65           修改历史      :
  66            1.日    期   : 2012年3月22日
  67              作    者   : Blueice
  68              修改内容   : 新生成函数
  69          
  70          *****************************************************************************/
  71          void UartPutStr ( u8 *Uc_Str )
  72          {
  73   1          while ( *Uc_Str )
  74   1          {
  75   2              UartPutByte ( *Uc_Str );
  76   2              Uc_Str++;
  77   2          }
  78   1      
  79   1          // UartPutByte ( 0x0D );
  80   1          //UartPutByte ( 0x0A );  /*结尾发送回车换行*/
  81   1      }
  82          /*****************************************************************************
  83           函 数 名  : ifdef MCU_AVR
  84           功能描述  : 串口接收中断
  85           输入参数  : 无
  86           输出参数  : 无
  87           返 回 值  :
  88           调用函数  :
  89           被调函数  :
  90          
  91           修改历史      :
  92            1.日    期   : 2012年3月22日
  93              作    者   : Blueice
  94              修改内容   : 新生成函数
  95          
  96          *****************************************************************************/
  97          
  98          void Uart0_RX_ISR ( void ) interrupt 4
  99          {
 100   1      
 101   1          if ( RI )
 102   1          {
 103   2              if ( SBUF == Self_Define_ISP_Download_Command )
 104   2              {
 105   3                  IAP_CONTR = 0x60;
 106   3              }
 107   2              else
 108   2              {
 109   3                  //SBUF = SBUF;
 110   3              }
 111   2              RI  = 0;
 112   2          }
 113   1      }
 114          /*****************************************************************************
 115           函 数 名  : UartInit
C51 COMPILER V9.59.0.0   UART                                                              05/15/2022 22:14:31 PAGE 3   

 116           功能描述  : 串口初使化
 117           输入参数  : void
 118           输出参数  : 无
 119           返 回 值  :
 120           调用函数  :
 121           被调函数  :
 122          
 123           修改历史      :
 124            1.日    期   : 2012年3月22日
 125              作    者   : Blueice
 126              修改内容   : 新生成函数
 127          
 128          *****************************************************************************/
 129          void UartInit ( void )
 130          {
 131   1          PCON |= 0x80;                   /*UART0 Double Rate Enable  */
 132   1          SCON = 0x50;                    /*UART0 set as 8bit , UART0 RX enable  */
 133   1          TMOD &= ~ ( 1 << 6 );           /*Timer1 Set as Timer*/
 134   1          TMOD &= 0x0f;
 135   1          TMOD |= 0x20;                   /*Timer1 set as 8 bits auto relaod  */
 136   1          AUXR |=  ( 1 << 6 );            /*Timer1 set as 1T mode  */
 137   1          TH1 = T1_TimerReload;           /*Load the timer  */
 138   1          TR1  = 1;
 139   1          ES  = 1;
 140   1      }


MODULE INFORMATION:   STATIC OVERLAYABLE
   CODE SIZE        =    112    ----
   CONSTANT SIZE    =   ----    ----
   XDATA SIZE       =   ----    ----
   PDATA SIZE       =   ----    ----
   DATA SIZE        =   ----       1
   IDATA SIZE       =   ----    ----
   BIT SIZE         =   ----    ----
END OF MODULE INFORMATION.


C51 COMPILATION COMPLETE.  0 WARNING(S),  0 ERROR(S)
